Building DAG of jobs...
Using shell: /bin/bash
Provided cores: 14
Rules claiming more threads will be scaled down.
Job stats:
job         count
--------  -------
all             1
flagstat        3
total           4

Select jobs to execute...
Execute 3 jobs...

[Tue Oct  1 16:50:55 2024]
localrule flagstat:
    input: /Users/chris/Work/Projects/Collab_Gina/analysis/bam/S3_5h.hg.bam, /Users/chris/Work/Projects/Collab_Gina/analysis/bam/S3_5h.xn.bam
    output: /Users/chris/Work/Projects/Collab_Gina/analysis/bam/S3_5h.hg.stat.tsv, /Users/chris/Work/Projects/Collab_Gina/analysis/bam/S3_5h.xn.stat.tsv
    jobid: 4
    reason: Missing output files: /Users/chris/Work/Projects/Collab_Gina/analysis/bam/S3_5h.xn.stat.tsv, /Users/chris/Work/Projects/Collab_Gina/analysis/bam/S3_5h.hg.stat.tsv
    wildcards: sample=S3_5h
    resources: tmpdir=/var/folders/k7/3lhzp6md553dtz66wfm1hhxr0000gn/T


[Tue Oct  1 16:50:55 2024]
localrule flagstat:
    input: /Users/chris/Work/Projects/Collab_Gina/analysis/bam/S4_5h.hg.bam, /Users/chris/Work/Projects/Collab_Gina/analysis/bam/S4_5h.xn.bam
    output: /Users/chris/Work/Projects/Collab_Gina/analysis/bam/S4_5h.hg.stat.tsv, /Users/chris/Work/Projects/Collab_Gina/analysis/bam/S4_5h.xn.stat.tsv
    jobid: 7
    reason: Missing output files: /Users/chris/Work/Projects/Collab_Gina/analysis/bam/S4_5h.hg.stat.tsv, /Users/chris/Work/Projects/Collab_Gina/analysis/bam/S4_5h.xn.stat.tsv
    wildcards: sample=S4_5h
    resources: tmpdir=/var/folders/k7/3lhzp6md553dtz66wfm1hhxr0000gn/T


[Tue Oct  1 16:50:55 2024]
localrule flagstat:
    input: /Users/chris/Work/Projects/Collab_Gina/analysis/bam/S2_3h.hg.bam, /Users/chris/Work/Projects/Collab_Gina/analysis/bam/S2_3h.xn.bam
    output: /Users/chris/Work/Projects/Collab_Gina/analysis/bam/S2_3h.hg.stat.tsv, /Users/chris/Work/Projects/Collab_Gina/analysis/bam/S2_3h.xn.stat.tsv
    jobid: 1
    reason: Missing output files: /Users/chris/Work/Projects/Collab_Gina/analysis/bam/S2_3h.hg.stat.tsv, /Users/chris/Work/Projects/Collab_Gina/analysis/bam/S2_3h.xn.stat.tsv
    wildcards: sample=S2_3h
    resources: tmpdir=/var/folders/k7/3lhzp6md553dtz66wfm1hhxr0000gn/T

[Tue Oct  1 16:51:00 2024]
Finished job 1.
1 of 4 steps (25%) done
[Tue Oct  1 16:51:01 2024]
Finished job 4.
2 of 4 steps (50%) done
[Tue Oct  1 16:51:03 2024]
Finished job 7.
3 of 4 steps (75%) done
Select jobs to execute...
Execute 1 jobs...

[Tue Oct  1 16:51:03 2024]
localrule all:
    input: /Users/chris/Work/Projects/Collab_Gina/analysis/bam/S2_3h.hg.stat.tsv, /Users/chris/Work/Projects/Collab_Gina/analysis/bam/S3_5h.hg.stat.tsv, /Users/chris/Work/Projects/Collab_Gina/analysis/bam/S4_5h.hg.stat.tsv, /Users/chris/Work/Projects/Collab_Gina/analysis/bam/S2_3h.xn.stat.tsv, /Users/chris/Work/Projects/Collab_Gina/analysis/bam/S3_5h.xn.stat.tsv, /Users/chris/Work/Projects/Collab_Gina/analysis/bam/S4_5h.xn.stat.tsv
    jobid: 0
    reason: Input files updated by another job: /Users/chris/Work/Projects/Collab_Gina/analysis/bam/S3_5h.xn.stat.tsv, /Users/chris/Work/Projects/Collab_Gina/analysis/bam/S3_5h.hg.stat.tsv, /Users/chris/Work/Projects/Collab_Gina/analysis/bam/S2_3h.hg.stat.tsv, /Users/chris/Work/Projects/Collab_Gina/analysis/bam/S2_3h.xn.stat.tsv, /Users/chris/Work/Projects/Collab_Gina/analysis/bam/S4_5h.hg.stat.tsv, /Users/chris/Work/Projects/Collab_Gina/analysis/bam/S4_5h.xn.stat.tsv
    resources: tmpdir=/var/folders/k7/3lhzp6md553dtz66wfm1hhxr0000gn/T

[Tue Oct  1 16:51:03 2024]
Finished job 0.
4 of 4 steps (100%) done
Complete log: .snakemake/log/2024-10-01T165055.393071.snakemake.log
