Building DAG of jobs...
Using shell: /bin/bash
Provided cores: 14
Rules claiming more threads will be scaled down.
Job stats:
job         count
--------  -------
all             1
mapHuman        3
mapXeno         3
total           7

Select jobs to execute...
Execute 1 jobs...

[Tue Oct  1 16:40:56 2024]
localrule mapHuman:
    input: /Users/chris/Work/Projects/Collab_Gina/data/Xeno_S2.fq.gz
    output: /Users/chris/Work/Projects/Collab_Gina/analysis/bam/S2_3h.hg.bam
    jobid: 1
    reason: Missing output files: /Users/chris/Work/Projects/Collab_Gina/analysis/bam/S2_3h.hg.bam
    wildcards: sample=S2_3h
    threads: 10
    resources: tmpdir=/var/folders/k7/3lhzp6md553dtz66wfm1hhxr0000gn/T

[Tue Oct  1 16:42:01 2024]
Finished job 1.
1 of 7 steps (14%) done
Select jobs to execute...
Execute 1 jobs...

[Tue Oct  1 16:42:01 2024]
localrule mapXeno:
    input: /Users/chris/Work/Projects/Collab_Gina/data/Xeno_S3.fq.gz
    output: /Users/chris/Work/Projects/Collab_Gina/analysis/bam/S3_5h.xn.bam
    jobid: 5
    reason: Missing output files: /Users/chris/Work/Projects/Collab_Gina/analysis/bam/S3_5h.xn.bam
    wildcards: sample=S3_5h
    threads: 10
    resources: tmpdir=/var/folders/k7/3lhzp6md553dtz66wfm1hhxr0000gn/T

[Tue Oct  1 16:43:18 2024]
Finished job 5.
2 of 7 steps (29%) done
Select jobs to execute...
Execute 1 jobs...

[Tue Oct  1 16:43:18 2024]
localrule mapXeno:
    input: /Users/chris/Work/Projects/Collab_Gina/data/Xeno_S4.fq.gz
    output: /Users/chris/Work/Projects/Collab_Gina/analysis/bam/S4_5h.xn.bam
    jobid: 6
    reason: Missing output files: /Users/chris/Work/Projects/Collab_Gina/analysis/bam/S4_5h.xn.bam; Code has changed since last execution
    wildcards: sample=S4_5h
    threads: 10
    resources: tmpdir=/var/folders/k7/3lhzp6md553dtz66wfm1hhxr0000gn/T

[Tue Oct  1 16:44:53 2024]
Finished job 6.
3 of 7 steps (43%) done
Select jobs to execute...
Execute 1 jobs...

[Tue Oct  1 16:44:53 2024]
localrule mapHuman:
    input: /Users/chris/Work/Projects/Collab_Gina/data/Xeno_S3.fq.gz
    output: /Users/chris/Work/Projects/Collab_Gina/analysis/bam/S3_5h.hg.bam
    jobid: 2
    reason: Missing output files: /Users/chris/Work/Projects/Collab_Gina/analysis/bam/S3_5h.hg.bam; Code has changed since last execution
    wildcards: sample=S3_5h
    threads: 10
    resources: tmpdir=/var/folders/k7/3lhzp6md553dtz66wfm1hhxr0000gn/T

[Tue Oct  1 16:46:07 2024]
Finished job 2.
4 of 7 steps (57%) done
Select jobs to execute...
Execute 1 jobs...

[Tue Oct  1 16:46:08 2024]
localrule mapXeno:
    input: /Users/chris/Work/Projects/Collab_Gina/data/Xeno_S2.fq.gz
    output: /Users/chris/Work/Projects/Collab_Gina/analysis/bam/S2_3h.xn.bam
    jobid: 4
    reason: Missing output files: /Users/chris/Work/Projects/Collab_Gina/analysis/bam/S2_3h.xn.bam; Code has changed since last execution
    wildcards: sample=S2_3h
    threads: 10
    resources: tmpdir=/var/folders/k7/3lhzp6md553dtz66wfm1hhxr0000gn/T

[Tue Oct  1 16:47:18 2024]
Finished job 4.
5 of 7 steps (71%) done
Select jobs to execute...
Execute 1 jobs...

[Tue Oct  1 16:47:18 2024]
localrule mapHuman:
    input: /Users/chris/Work/Projects/Collab_Gina/data/Xeno_S4.fq.gz
    output: /Users/chris/Work/Projects/Collab_Gina/analysis/bam/S4_5h.hg.bam
    jobid: 3
    reason: Missing output files: /Users/chris/Work/Projects/Collab_Gina/analysis/bam/S4_5h.hg.bam; Code has changed since last execution
    wildcards: sample=S4_5h
    threads: 10
    resources: tmpdir=/var/folders/k7/3lhzp6md553dtz66wfm1hhxr0000gn/T

[Tue Oct  1 16:48:47 2024]
Finished job 3.
6 of 7 steps (86%) done
Select jobs to execute...
Execute 1 jobs...

[Tue Oct  1 16:48:47 2024]
localrule all:
    input: /Users/chris/Work/Projects/Collab_Gina/analysis/bam/S2_3h.hg.bam, /Users/chris/Work/Projects/Collab_Gina/analysis/bam/S3_5h.hg.bam, /Users/chris/Work/Projects/Collab_Gina/analysis/bam/S4_5h.hg.bam, /Users/chris/Work/Projects/Collab_Gina/analysis/bam/S2_3h.xn.bam, /Users/chris/Work/Projects/Collab_Gina/analysis/bam/S3_5h.xn.bam, /Users/chris/Work/Projects/Collab_Gina/analysis/bam/S4_5h.xn.bam
    jobid: 0
    reason: Input files updated by another job: /Users/chris/Work/Projects/Collab_Gina/analysis/bam/S2_3h.hg.bam, /Users/chris/Work/Projects/Collab_Gina/analysis/bam/S3_5h.hg.bam, /Users/chris/Work/Projects/Collab_Gina/analysis/bam/S4_5h.hg.bam, /Users/chris/Work/Projects/Collab_Gina/analysis/bam/S2_3h.xn.bam, /Users/chris/Work/Projects/Collab_Gina/analysis/bam/S3_5h.xn.bam, /Users/chris/Work/Projects/Collab_Gina/analysis/bam/S4_5h.xn.bam
    resources: tmpdir=/var/folders/k7/3lhzp6md553dtz66wfm1hhxr0000gn/T

[Tue Oct  1 16:48:47 2024]
Finished job 0.
7 of 7 steps (100%) done
Complete log: .snakemake/log/2024-10-01T164056.045937.snakemake.log
